<?xml version="1.0" encoding="UTF-8"?>
<!-- Generated by org.testng.reporters.JUnitXMLReporter -->
<testsuite ignored="0" hostname="DESKTOP-BORKUB7" failures="0" tests="8" name="Default test" time="17.885" errors="0" timestamp="2025-01-08T15:05:49 IST">
  <testcase classname="api.tests.userTest2" name="createUser" time="6.224"/>
  <testcase classname="api.tests.userTest2" name="getUser" time="1.649"/>
  <testcase classname="api.tests.userTest2" name="putUser" time="1.525"/>
  <testcase classname="api.tests.userTest2" name="deleteUser" time="1.64"/>
  <testcase classname="api.tests.userTest" name="createUser" time="1.542"/>
  <testcase classname="api.tests.userTest" name="getUser" time="1.532"/>
  <testcase classname="api.tests.userTest" name="putUser" time="1.399"/>
  <testcase classname="api.tests.userTest" name="deleteUser" time="1.552"/>
</testsuite> <!-- Default test -->
