<?xml version="1.0" encoding="UTF-8"?>
<testng-results ignored="0" total="4" passed="4" failed="0" skipped="0">
  <reporter-output>
  </reporter-output>
  <suite started-at="2025-01-08T20:02:24 IST" name="PetSuite" finished-at="2025-01-08T20:02:32 IST" duration-ms="8096">
    <groups>
    </groups>
    <test started-at="2025-01-08T20:02:24 IST" name="PetTest" finished-at="2025-01-08T20:02:32 IST" duration-ms="8096">
      <class name="api.tests.userTest">
        <test-method is-config="true" signature="dataSetup()[pri:0, instance:api.tests.userTest@4c371370]" started-at="2025-01-08T20:02:24 IST" name="dataSetup" finished-at="2025-01-08T20:02:24 IST" duration-ms="224" status="PASS">
          <reporter-output>
          </reporter-output>
        </test-method> <!-- dataSetup -->
        <test-method signature="createUser()[pri:1, instance:api.tests.userTest@4c371370]" started-at="2025-01-08T20:02:24 IST" name="createUser" finished-at="2025-01-08T20:02:28 IST" duration-ms="3941" status="PASS">
          <reporter-output>
          </reporter-output>
        </test-method> <!-- createUser -->
        <test-method signature="getUser()[pri:2, instance:api.tests.userTest@4c371370]" started-at="2025-01-08T20:02:28 IST" name="getUser" finished-at="2025-01-08T20:02:30 IST" duration-ms="1303" status="PASS">
          <reporter-output>
          </reporter-output>
        </test-method> <!-- getUser -->
        <test-method signature="putUser()[pri:3, instance:api.tests.userTest@4c371370]" started-at="2025-01-08T20:02:30 IST" name="putUser" finished-at="2025-01-08T20:02:31 IST" duration-ms="1301" status="PASS">
          <reporter-output>
          </reporter-output>
        </test-method> <!-- putUser -->
        <test-method signature="deleteUser()[pri:4, instance:api.tests.userTest@4c371370]" started-at="2025-01-08T20:02:31 IST" name="deleteUser" finished-at="2025-01-08T20:02:32 IST" duration-ms="1280" status="PASS">
          <reporter-output>
          </reporter-output>
        </test-method> <!-- deleteUser -->
      </class> <!-- api.tests.userTest -->
    </test> <!-- PetTest -->
  </suite> <!-- PetSuite -->
</testng-results>
