<?xml version="1.0" encoding="UTF-8"?>
<!-- Generated by org.testng.reporters.JUnitXMLReporter -->
<testsuite ignored="0" hostname="DESKTOP-BORKUB7" failures="0" tests="4" name="PetTest" time="8.096" errors="0" timestamp="2025-01-08T20:02:32 IST">
  <testcase classname="api.tests.userTest" name="createUser" time="3.941"/>
  <testcase classname="api.tests.userTest" name="getUser" time="1.303"/>
  <testcase classname="api.tests.userTest" name="putUser" time="1.301"/>
  <testcase classname="api.tests.userTest" name="deleteUser" time="1.28"/>
</testsuite> <!-- PetTest -->
