<?xml version="1.0" encoding="UTF-8"?>
<!-- Generated by org.testng.reporters.JUnitXMLReporter -->
<testsuite ignored="0" hostname="DESKTOP-BORKUB7" failures="0" tests="4" name="PetTest" time="20.632" errors="0" timestamp="2025-01-08T17:43:46 IST">
  <testcase classname="api.tests.userTest2" name="createUser" time="4.545"/>
  <testcase classname="api.tests.userTest2" name="getUser" time="13.24"/>
  <testcase classname="api.tests.userTest2" name="putUser" time="1.243"/>
  <testcase classname="api.tests.userTest2" name="deleteUser" time="1.28"/>
</testsuite> <!-- PetTest -->
